<?xml version="1.0" encoding="UTF-8"?>
<!-- Generated by org.testng.reporters.JUnitReportReporter -->
<testsuite hostname="PravinAdmin" name="ua.com.rozetka.tests.Authorization" tests="2" failures="0" timestamp="10 Jan 2015 19:28:49 GMT" time="52.717" errors="0">
  <testcase name="logInTest" time="5.260" classname="ua.com.rozetka.tests.Authorization"/>
  <testcase name="logOutTest" time="47.457" classname="ua.com.rozetka.tests.Authorization"/>
</testsuite> <!-- ua.com.rozetka.tests.Authorization -->
