<?xml version="1.0" encoding="UTF-8"?>
<!-- Generated by org.testng.reporters.JUnitReportReporter -->
<testsuite hostname="PravinAdmin" name="ua.com.rozetka.tests.AccountCreation" tests="1" failures="0" timestamp="10 Jan 2015 19:28:49 GMT" time="60.347" errors="0">
  <testcase name="accountCreationTest" time="60.347" classname="ua.com.rozetka.tests.AccountCreation"/>
</testsuite> <!-- ua.com.rozetka.tests.AccountCreation -->
