<?xml version="1.0" encoding="UTF-8"?>
<!-- Generated by org.testng.reporters.JUnitReportReporter -->
<testsuite hostname="PravinAdmin" name="ua.com.rozetka.tests.Search" tests="3" failures="0" timestamp="10 Jan 2015 19:28:49 GMT" time="20.011" errors="0">
  <testcase name="searchResultsContainSearchProductTest" time="4.026" classname="ua.com.rozetka.tests.Search"/>
  <testcase name="searchResultsForContainsSearchQuery" time="6.822" classname="ua.com.rozetka.tests.Search"/>
  <testcase name="searchQueryRemainsInSearchBoxTest" time="9.163" classname="ua.com.rozetka.tests.Search"/>
</testsuite> <!-- ua.com.rozetka.tests.Search -->
